{
  "RSpec": {
    "coverage": {
      "/Users/tylersuzukinelson/Dropbox/Clio/clio-in-out-stub/app/models/user.rb": [
        1,
        null,
        null,
        null,
        1,
        null,
        null,
        1,
        null,
        null,
        1,
        null,
        1,
        null,
        null,
        1,
        null,
        1,
        null,
        1,
        0,
        null,
        null,
        1,
        2,
        null,
        null,
        1,
        3,
        null,
        null,
        null
      ],
      "/Users/tylersuzukinelson/Dropbox/Clio/clio-in-out-stub/app/controllers/application_controller.rb": [
        1,
        null,
        1,
        null,
        null
      ],
      "/Users/tylersuzukinelson/Dropbox/Clio/clio-in-out-stub/app/helpers/application_helper.rb": [
        1,
        null,
        1,
        null,
        null,
        0,
        null,
        null,
        null
      ],
      "/Users/tylersuzukinelson/Dropbox/Clio/clio-in-out-stub/app/helpers/teams_helper.rb": [
        1,
        null
      ],
      "/Users/tylersuzukinelson/Dropbox/Clio/clio-in-out-stub/app/controllers/teams_controller.rb": [
        1,
        null,
        1,
        null,
        1,
        0,
        0,
        0,
        0,
        null,
        null,
        null,
        1,
        0,
        0,
        0,
        null,
        null,
        null,
        1,
        0,
        0,
        0,
        null,
        null,
        null,
        1,
        null,
        1,
        0,
        null,
        null,
        1,
        0,
        null,
        null,
        null
      ],
      "/Users/tylersuzukinelson/Dropbox/Clio/clio-in-out-stub/app/models/team.rb": [
        1,
        1,
        1,
        1,
        null
      ],
      "/Users/tylersuzukinelson/Dropbox/Clio/clio-in-out-stub/app/controllers/users_controller.rb": [
        1,
        1,
        1,
        0,
        null,
        null,
        1,
        1,
        null,
        null,
        1,
        0,
        0,
        0,
        null,
        null,
        null,
        1,
        0,
        0,
        0,
        null,
        null,
        null,
        1,
        0,
        null,
        null,
        1,
        0,
        null,
        null,
        1,
        0,
        0,
        0,
        0,
        0,
        0,
        null,
        null,
        null,
        1,
        null,
        1,
        0,
        0,
        0,
        null,
        null,
        null,
        null
      ]
    },
    "timestamp": 1427868837
  }
}
