{
  "RSpec": {
    "coverage": {
      "/Users/tylersuzukinelson/Dropbox/Clio/clio-in-out-stub/app/models/user.rb": [
        1,
        null,
        null,
        null,
        1,
        null,
        null,
        1,
        null,
        null,
        1,
        null,
        4,
        null,
        null,
        1,
        null,
        1,
        null,
        1,
        4,
        null,
        null,
        1,
        5,
        null,
        null,
        1,
        53,
        null,
        null,
        null
      ],
      "/Users/tylersuzukinelson/Dropbox/Clio/clio-in-out-stub/app/controllers/application_controller.rb": [
        1,
        null,
        1,
        null,
        null
      ],
      "/Users/tylersuzukinelson/Dropbox/Clio/clio-in-out-stub/app/helpers/application_helper.rb": [
        1,
        null,
        1,
        null,
        null,
        0,
        null,
        null,
        null
      ],
      "/Users/tylersuzukinelson/Dropbox/Clio/clio-in-out-stub/app/helpers/teams_helper.rb": [
        1,
        null
      ],
      "/Users/tylersuzukinelson/Dropbox/Clio/clio-in-out-stub/app/controllers/teams_controller.rb": [
        1,
        null,
        1,
        null,
        1,
        3,
        3,
        3,
        6,
        null,
        null,
        null,
        1,
        3,
        3,
        6,
        null,
        null,
        null,
        1,
        3,
        3,
        6,
        null,
        null,
        null,
        1,
        null,
        1,
        6,
        null,
        null,
        null
      ],
      "/Users/tylersuzukinelson/Dropbox/Clio/clio-in-out-stub/app/models/team.rb": [
        1,
        1,
        1,
        1,
        null
      ],
      "/Users/tylersuzukinelson/Dropbox/Clio/clio-in-out-stub/app/controllers/users_controller.rb": [
        1,
        1,
        1,
        9,
        null,
        null,
        1,
        2,
        null,
        null,
        1,
        2,
        2,
        4,
        null,
        null,
        null,
        1,
        2,
        2,
        4,
        null,
        null,
        null,
        1,
        2,
        null,
        null,
        1,
        2,
        null,
        null,
        1,
        6,
        6,
        6,
        6,
        9,
        9,
        null,
        null,
        null,
        1,
        null,
        1,
        10,
        5,
        5,
        null,
        null,
        null,
        null
      ]
    },
    "timestamp": 1427920455
  }
}
